R version 3.6.3 (2020-02-29)
Platform: x86_64-pc-linux-gnu (64-bit)
Running under: Ubuntu 18.04.5 LTS

Matrix products: default
BLAS:   /usr/lib/x86_64-linux-gnu/libnvblas.so.9.1.85
LAPACK: /usr/lib/x86_64-linux-gnu/lapack/liblapack.so.3.7.1

locale:
 [1] LC_CTYPE=en_US.UTF-8   LC_NUMERIC=C           LC_TIME=C.UTF-8       
 [4] LC_COLLATE=C.UTF-8     LC_MONETARY=C.UTF-8    LC_MESSAGES=C.UTF-8   
 [7] LC_PAPER=C.UTF-8       LC_NAME=C              LC_ADDRESS=C          
[10] LC_TELEPHONE=C         LC_MEASUREMENT=C.UTF-8 LC_IDENTIFICATION=C   

attached base packages:
[1] stats     graphics  grDevices utils     datasets  methods   base     

other attached packages:
[1] optparse_1.6.6 Rcpp_1.0.5     SAIGE_0.42.1  

loaded via a namespace (and not attached):
[1] compiler_3.6.3     Matrix_1.2-18      getopt_1.20.3      grid_3.6.3        
[5] RcppParallel_5.0.2 lattice_0.20-41   
$plinkFile
[1] "./input/nfam_100_nindep_0_step1_includeMoreRareVariants_poly"

$phenoFile
[1] "./input/pheno_1000samples.txt_withdosages_withBothTraitTypes.txt"

$phenoCol
[1] "y_binary"

$traitType
[1] "binary"

$invNormalize
[1] FALSE

$covarColList
[1] "x1,x2"

$sampleIDColinphenoFile
[1] "IID"

$tol
[1] 0.02

$maxiter
[1] 20

$tolPCG
[1] 1e-05

$maxiterPCG
[1] 500

$nThreads
[1] 4

$SPAcutoff
[1] 2

$numRandomMarkerforVarianceRatio
[1] 30

$skipModelFitting
[1] FALSE

$memoryChunk
[1] 2

$tauInit
[1] "0,0"

$LOCO
[1] FALSE

$traceCVcutoff
[1] 0.0025

$ratioCVcutoff
[1] 0.001

$outputPrefix
[1] "./output/example_binary_includenonAutoforvarRatio"

$IsOverwriteVarianceRatioFile
[1] FALSE

$IsSparseKin
[1] FALSE

$numRandomMarkerforSparseKin
[1] 2000

$isCateVarianceRatio
[1] FALSE

$relatednessCutoff
[1] 0.125

$cateVarRatioMinMACVecExclude
[1] "0.5,1.5,2.5,3.5,4.5,5.5,10.5,20.5"

$cateVarRatioMaxMACVecInclude
[1] "1.5,2.5,3.5,4.5,5.5,10.5,20.5"

$isCovariateTransform
[1] TRUE

$isDiagofKinSetAsOne
[1] FALSE

$useSparseSigmaConditionerforPCG
[1] FALSE

$useSparseSigmaforInitTau
[1] FALSE

$minMAFforGRM
[1] 0.01

$minCovariateCount
[1] -1

$includeNonautoMarkersforVarRatio
[1] FALSE

$FemaleOnly
[1] FALSE

$MaleOnly
[1] FALSE

$sexCol
[1] ""

$FemaleCode
[1] "1"

$MaleCode
[1] "0"

$noEstFixedEff
[1] FALSE

$help
[1] FALSE

tauInit  is  0 0 
cateVarRatioMinMACVecExclude  is  0.5 1.5 2.5 3.5 4.5 5.5 10.5 20.5 
cateVarRatioMaxMACVecInclude  is  1.5 2.5 3.5 4.5 5.5 10.5 20.5 
Markers in the Plink file with MAF >=  0.01  will be used to construct GRM
4  threads are set to be used  
